10:34:39.215 [main] INFO  c.a.n.c.e.SearchableProperties - [sortPropertySourceDefaultOrder,197] - properties search order:PROPERTIES->JVM->ENV->DEFAULT_SETTING
10:34:39.259 [background-preinit] INFO  o.h.v.i.util.Version - [<clinit>,21] - HV000001: Hibernate Validator 6.2.5.Final
10:34:39.567 [main] INFO  c.a.n.p.a.s.c.ClientAuthPluginManager - [init,56] - [ClientAuthPluginManager] Load ClientAuthService com.alibaba.nacos.client.auth.impl.NacosClientAuthServiceImpl success.
10:34:39.568 [main] INFO  c.a.n.p.a.s.c.ClientAuthPluginManager - [init,56] - [ClientAuthPluginManager] Load ClientAuthService com.alibaba.nacos.client.auth.ram.RamClientAuthServiceImpl success.
10:34:41.783 [main] INFO  c.h.g.HzjGatewayApplication - [logStartupProfileInfo,638] - The following 1 profile is active: "dev"
10:34:46.121 [main] INFO  c.a.c.s.g.s.SentinelSCGAutoConfiguration - [sentinelGatewayFilter,144] - [Sentinel SpringCloudGateway] register SentinelGatewayFilter with order: -2147483648
10:34:47.750 [main] INFO  c.a.c.s.g.s.SentinelSCGAutoConfiguration - [sentinelGatewayBlockExceptionHandler,134] - [Sentinel SpringCloudGateway] register SentinelGatewayBlockExceptionHandler
10:34:48.039 [main] INFO  c.a.n.p.a.s.c.ClientAuthPluginManager - [init,56] - [ClientAuthPluginManager] Load ClientAuthService com.alibaba.nacos.client.auth.impl.NacosClientAuthServiceImpl success.
10:34:48.039 [main] INFO  c.a.n.p.a.s.c.ClientAuthPluginManager - [init,56] - [ClientAuthPluginManager] Load ClientAuthService com.alibaba.nacos.client.auth.ram.RamClientAuthServiceImpl success.
10:34:48.171 [main] INFO  c.a.c.s.d.c.SentinelConverter - [convert,79] - converter can not convert rules because source is empty
10:34:50.512 [main] INFO  c.a.n.p.a.s.c.ClientAuthPluginManager - [init,56] - [ClientAuthPluginManager] Load ClientAuthService com.alibaba.nacos.client.auth.impl.NacosClientAuthServiceImpl success.
10:34:50.512 [main] INFO  c.a.n.p.a.s.c.ClientAuthPluginManager - [init,56] - [ClientAuthPluginManager] Load ClientAuthService com.alibaba.nacos.client.auth.ram.RamClientAuthServiceImpl success.
10:34:50.654 [main] INFO  c.a.c.n.r.NacosServiceRegistry - [register,76] - nacos registry, DEFAULT_GROUP hzj-gateway 192.168.116.1:8080 register finished
10:34:50.691 [main] INFO  c.h.g.HzjGatewayApplication - [logStarted,61] - Started HzjGatewayApplication in 12.949 seconds (JVM running for 13.925)
10:34:50.694 [main] INFO  c.a.c.n.r.NacosContextRefresher - [registerNacosListener,129] - [Nacos Config] Listening config: dataId=hzj-gateway-dev.yml, group=DEFAULT_GROUP
10:34:50.695 [main] INFO  c.a.c.n.r.NacosContextRefresher - [registerNacosListener,129] - [Nacos Config] Listening config: dataId=hzj-gateway, group=DEFAULT_GROUP
10:34:50.696 [main] INFO  c.a.c.n.r.NacosContextRefresher - [registerNacosListener,129] - [Nacos Config] Listening config: dataId=hzj-gateway.yml, group=DEFAULT_GROUP
10:34:53.070 [RMI TCP Connection(3)-192.168.9.109] INFO  c.a.c.s.d.c.SentinelConverter - [convert,79] - converter can not convert rules because source is empty
10:36:53.040 [boundedElastic-5] INFO  c.a.c.s.d.c.SentinelConverter - [convert,79] - converter can not convert rules because source is empty
10:37:10.019 [boundedElastic-4] INFO  c.a.c.s.d.c.SentinelConverter - [convert,79] - converter can not convert rules because source is empty
10:37:30.018 [boundedElastic-5] INFO  c.a.c.s.d.c.SentinelConverter - [convert,79] - converter can not convert rules because source is empty
10:37:50.029 [boundedElastic-7] INFO  c.a.c.s.d.c.SentinelConverter - [convert,79] - converter can not convert rules because source is empty
10:38:10.018 [boundedElastic-3] INFO  c.a.c.s.d.c.SentinelConverter - [convert,79] - converter can not convert rules because source is empty
10:38:30.015 [boundedElastic-2] INFO  c.a.c.s.d.c.SentinelConverter - [convert,79] - converter can not convert rules because source is empty
10:38:50.015 [boundedElastic-3] INFO  c.a.c.s.d.c.SentinelConverter - [convert,79] - converter can not convert rules because source is empty
10:39:10.027 [boundedElastic-4] INFO  c.a.c.s.d.c.SentinelConverter - [convert,79] - converter can not convert rules because source is empty
10:39:30.014 [boundedElastic-8] INFO  c.a.c.s.d.c.SentinelConverter - [convert,79] - converter can not convert rules because source is empty
10:39:49.999 [boundedElastic-2] INFO  c.a.c.s.d.c.SentinelConverter - [convert,79] - converter can not convert rules because source is empty
10:40:10.005 [boundedElastic-5] INFO  c.a.c.s.d.c.SentinelConverter - [convert,79] - converter can not convert rules because source is empty
10:40:30.014 [boundedElastic-2] INFO  c.a.c.s.d.c.SentinelConverter - [convert,79] - converter can not convert rules because source is empty
10:40:50.014 [boundedElastic-5] INFO  c.a.c.s.d.c.SentinelConverter - [convert,79] - converter can not convert rules because source is empty
10:41:10.000 [boundedElastic-3] INFO  c.a.c.s.d.c.SentinelConverter - [convert,79] - converter can not convert rules because source is empty
10:41:30.022 [boundedElastic-2] INFO  c.a.c.s.d.c.SentinelConverter - [convert,79] - converter can not convert rules because source is empty
10:41:50.018 [boundedElastic-5] INFO  c.a.c.s.d.c.SentinelConverter - [convert,79] - converter can not convert rules because source is empty
10:42:10.028 [boundedElastic-2] INFO  c.a.c.s.d.c.SentinelConverter - [convert,79] - converter can not convert rules because source is empty
10:42:30.011 [boundedElastic-4] INFO  c.a.c.s.d.c.SentinelConverter - [convert,79] - converter can not convert rules because source is empty
10:42:50.009 [boundedElastic-10] INFO  c.a.c.s.d.c.SentinelConverter - [convert,79] - converter can not convert rules because source is empty
10:43:10.016 [boundedElastic-6] INFO  c.a.c.s.d.c.SentinelConverter - [convert,79] - converter can not convert rules because source is empty
10:43:30.014 [boundedElastic-10] INFO  c.a.c.s.d.c.SentinelConverter - [convert,79] - converter can not convert rules because source is empty
10:43:50.009 [boundedElastic-6] INFO  c.a.c.s.d.c.SentinelConverter - [convert,79] - converter can not convert rules because source is empty
10:44:10.015 [boundedElastic-3] INFO  c.a.c.s.d.c.SentinelConverter - [convert,79] - converter can not convert rules because source is empty
10:44:30.017 [boundedElastic-2] INFO  c.a.c.s.d.c.SentinelConverter - [convert,79] - converter can not convert rules because source is empty
10:44:50.003 [boundedElastic-11] INFO  c.a.c.s.d.c.SentinelConverter - [convert,79] - converter can not convert rules because source is empty
10:45:10.005 [boundedElastic-6] INFO  c.a.c.s.d.c.SentinelConverter - [convert,79] - converter can not convert rules because source is empty
10:45:30.009 [boundedElastic-3] INFO  c.a.c.s.d.c.SentinelConverter - [convert,79] - converter can not convert rules because source is empty
10:45:50.006 [boundedElastic-4] INFO  c.a.c.s.d.c.SentinelConverter - [convert,79] - converter can not convert rules because source is empty
10:46:10.008 [boundedElastic-11] INFO  c.a.c.s.d.c.SentinelConverter - [convert,79] - converter can not convert rules because source is empty
10:46:30.009 [boundedElastic-10] INFO  c.a.c.s.d.c.SentinelConverter - [convert,79] - converter can not convert rules because source is empty
10:46:50.005 [boundedElastic-4] INFO  c.a.c.s.d.c.SentinelConverter - [convert,79] - converter can not convert rules because source is empty
10:47:10.005 [boundedElastic-2] INFO  c.a.c.s.d.c.SentinelConverter - [convert,79] - converter can not convert rules because source is empty
10:47:29.998 [boundedElastic-4] INFO  c.a.c.s.d.c.SentinelConverter - [convert,79] - converter can not convert rules because source is empty
10:47:50.004 [boundedElastic-6] INFO  c.a.c.s.d.c.SentinelConverter - [convert,79] - converter can not convert rules because source is empty
10:48:10.010 [boundedElastic-13] INFO  c.a.c.s.d.c.SentinelConverter - [convert,79] - converter can not convert rules because source is empty
10:48:30.012 [boundedElastic-6] INFO  c.a.c.s.d.c.SentinelConverter - [convert,79] - converter can not convert rules because source is empty
10:48:50.020 [boundedElastic-3] INFO  c.a.c.s.d.c.SentinelConverter - [convert,79] - converter can not convert rules because source is empty
10:49:10.045 [boundedElastic-6] INFO  c.a.c.s.d.c.SentinelConverter - [convert,79] - converter can not convert rules because source is empty
10:49:30.014 [boundedElastic-3] INFO  c.a.c.s.d.c.SentinelConverter - [convert,79] - converter can not convert rules because source is empty
10:49:50.010 [boundedElastic-12] INFO  c.a.c.s.d.c.SentinelConverter - [convert,79] - converter can not convert rules because source is empty
10:50:10.022 [boundedElastic-14] INFO  c.a.c.s.d.c.SentinelConverter - [convert,79] - converter can not convert rules because source is empty
10:50:30.015 [boundedElastic-4] INFO  c.a.c.s.d.c.SentinelConverter - [convert,79] - converter can not convert rules because source is empty
10:50:50.010 [boundedElastic-6] INFO  c.a.c.s.d.c.SentinelConverter - [convert,79] - converter can not convert rules because source is empty
10:51:10.014 [boundedElastic-3] INFO  c.a.c.s.d.c.SentinelConverter - [convert,79] - converter can not convert rules because source is empty
10:51:30.007 [boundedElastic-10] INFO  c.a.c.s.d.c.SentinelConverter - [convert,79] - converter can not convert rules because source is empty
10:51:50.021 [boundedElastic-3] INFO  c.a.c.s.d.c.SentinelConverter - [convert,79] - converter can not convert rules because source is empty
10:52:10.019 [boundedElastic-13] INFO  c.a.c.s.d.c.SentinelConverter - [convert,79] - converter can not convert rules because source is empty
10:52:30.008 [boundedElastic-6] INFO  c.a.c.s.d.c.SentinelConverter - [convert,79] - converter can not convert rules because source is empty
10:52:50.006 [boundedElastic-13] INFO  c.a.c.s.d.c.SentinelConverter - [convert,79] - converter can not convert rules because source is empty
10:53:10.011 [boundedElastic-12] INFO  c.a.c.s.d.c.SentinelConverter - [convert,79] - converter can not convert rules because source is empty
10:53:30.021 [boundedElastic-13] INFO  c.a.c.s.d.c.SentinelConverter - [convert,79] - converter can not convert rules because source is empty
10:53:50.028 [boundedElastic-12] INFO  c.a.c.s.d.c.SentinelConverter - [convert,79] - converter can not convert rules because source is empty
10:54:10.013 [boundedElastic-13] INFO  c.a.c.s.d.c.SentinelConverter - [convert,79] - converter can not convert rules because source is empty
10:54:30.014 [boundedElastic-12] INFO  c.a.c.s.d.c.SentinelConverter - [convert,79] - converter can not convert rules because source is empty
10:54:50.016 [boundedElastic-13] INFO  c.a.c.s.d.c.SentinelConverter - [convert,79] - converter can not convert rules because source is empty
10:55:10.020 [boundedElastic-15] INFO  c.a.c.s.d.c.SentinelConverter - [convert,79] - converter can not convert rules because source is empty
10:55:30.004 [boundedElastic-13] INFO  c.a.c.s.d.c.SentinelConverter - [convert,79] - converter can not convert rules because source is empty
10:55:50.007 [boundedElastic-10] INFO  c.a.c.s.d.c.SentinelConverter - [convert,79] - converter can not convert rules because source is empty
10:56:10.001 [boundedElastic-12] INFO  c.a.c.s.d.c.SentinelConverter - [convert,79] - converter can not convert rules because source is empty
10:56:29.998 [boundedElastic-10] INFO  c.a.c.s.d.c.SentinelConverter - [convert,79] - converter can not convert rules because source is empty
10:56:50.014 [boundedElastic-3] INFO  c.a.c.s.d.c.SentinelConverter - [convert,79] - converter can not convert rules because source is empty
10:57:10.021 [boundedElastic-15] INFO  c.a.c.s.d.c.SentinelConverter - [convert,79] - converter can not convert rules because source is empty
10:57:30.009 [boundedElastic-3] INFO  c.a.c.s.d.c.SentinelConverter - [convert,79] - converter can not convert rules because source is empty
10:57:50.005 [boundedElastic-14] INFO  c.a.c.s.d.c.SentinelConverter - [convert,79] - converter can not convert rules because source is empty
10:58:10.018 [boundedElastic-12] INFO  c.a.c.s.d.c.SentinelConverter - [convert,79] - converter can not convert rules because source is empty
10:58:30.009 [boundedElastic-14] INFO  c.a.c.s.d.c.SentinelConverter - [convert,79] - converter can not convert rules because source is empty
10:58:50.012 [boundedElastic-12] INFO  c.a.c.s.d.c.SentinelConverter - [convert,79] - converter can not convert rules because source is empty
10:59:10.023 [boundedElastic-3] INFO  c.a.c.s.d.c.SentinelConverter - [convert,79] - converter can not convert rules because source is empty
10:59:30.016 [boundedElastic-16] INFO  c.a.c.s.d.c.SentinelConverter - [convert,79] - converter can not convert rules because source is empty
10:59:50.003 [boundedElastic-12] INFO  c.a.c.s.d.c.SentinelConverter - [convert,79] - converter can not convert rules because source is empty
11:00:10.014 [boundedElastic-16] INFO  c.a.c.s.d.c.SentinelConverter - [convert,79] - converter can not convert rules because source is empty
11:00:30.012 [boundedElastic-12] INFO  c.a.c.s.d.c.SentinelConverter - [convert,79] - converter can not convert rules because source is empty
11:00:50.018 [boundedElastic-16] INFO  c.a.c.s.d.c.SentinelConverter - [convert,79] - converter can not convert rules because source is empty
11:01:10.002 [boundedElastic-12] INFO  c.a.c.s.d.c.SentinelConverter - [convert,79] - converter can not convert rules because source is empty
11:01:30.011 [boundedElastic-6] INFO  c.a.c.s.d.c.SentinelConverter - [convert,79] - converter can not convert rules because source is empty
11:01:50.023 [boundedElastic-3] INFO  c.a.c.s.d.c.SentinelConverter - [convert,79] - converter can not convert rules because source is empty
11:02:10.012 [boundedElastic-13] INFO  c.a.c.s.d.c.SentinelConverter - [convert,79] - converter can not convert rules because source is empty
11:02:30.003 [boundedElastic-17] INFO  c.a.c.s.d.c.SentinelConverter - [convert,79] - converter can not convert rules because source is empty
11:02:50.002 [boundedElastic-13] INFO  c.a.c.s.d.c.SentinelConverter - [convert,79] - converter can not convert rules because source is empty
11:03:10.020 [boundedElastic-17] INFO  c.a.c.s.d.c.SentinelConverter - [convert,79] - converter can not convert rules because source is empty
11:03:30.013 [boundedElastic-13] INFO  c.a.c.s.d.c.SentinelConverter - [convert,79] - converter can not convert rules because source is empty
11:03:50.015 [boundedElastic-17] INFO  c.a.c.s.d.c.SentinelConverter - [convert,79] - converter can not convert rules because source is empty
11:04:10.031 [boundedElastic-13] INFO  c.a.c.s.d.c.SentinelConverter - [convert,79] - converter can not convert rules because source is empty
11:04:30.006 [boundedElastic-17] INFO  c.a.c.s.d.c.SentinelConverter - [convert,79] - converter can not convert rules because source is empty
11:04:50.019 [boundedElastic-13] INFO  c.a.c.s.d.c.SentinelConverter - [convert,79] - converter can not convert rules because source is empty
11:05:10.013 [boundedElastic-17] INFO  c.a.c.s.d.c.SentinelConverter - [convert,79] - converter can not convert rules because source is empty
11:05:30.017 [boundedElastic-3] INFO  c.a.c.s.d.c.SentinelConverter - [convert,79] - converter can not convert rules because source is empty
11:05:50.010 [boundedElastic-17] INFO  c.a.c.s.d.c.SentinelConverter - [convert,79] - converter can not convert rules because source is empty
11:06:10.022 [boundedElastic-13] INFO  c.a.c.s.d.c.SentinelConverter - [convert,79] - converter can not convert rules because source is empty
11:06:30.001 [boundedElastic-17] INFO  c.a.c.s.d.c.SentinelConverter - [convert,79] - converter can not convert rules because source is empty
11:06:50.004 [boundedElastic-13] INFO  c.a.c.s.d.c.SentinelConverter - [convert,79] - converter can not convert rules because source is empty
11:07:10.009 [boundedElastic-17] INFO  c.a.c.s.d.c.SentinelConverter - [convert,79] - converter can not convert rules because source is empty
11:07:30.011 [boundedElastic-13] INFO  c.a.c.s.d.c.SentinelConverter - [convert,79] - converter can not convert rules because source is empty
11:07:50.004 [boundedElastic-17] INFO  c.a.c.s.d.c.SentinelConverter - [convert,79] - converter can not convert rules because source is empty
11:08:09.997 [boundedElastic-13] INFO  c.a.c.s.d.c.SentinelConverter - [convert,79] - converter can not convert rules because source is empty
11:08:30.014 [boundedElastic-17] INFO  c.a.c.s.d.c.SentinelConverter - [convert,79] - converter can not convert rules because source is empty
11:08:50.011 [boundedElastic-13] INFO  c.a.c.s.d.c.SentinelConverter - [convert,79] - converter can not convert rules because source is empty
11:09:10.015 [boundedElastic-17] INFO  c.a.c.s.d.c.SentinelConverter - [convert,79] - converter can not convert rules because source is empty
11:09:30.014 [boundedElastic-13] INFO  c.a.c.s.d.c.SentinelConverter - [convert,79] - converter can not convert rules because source is empty
11:09:49.999 [boundedElastic-17] INFO  c.a.c.s.d.c.SentinelConverter - [convert,79] - converter can not convert rules because source is empty
11:10:10.017 [boundedElastic-16] INFO  c.a.c.s.d.c.SentinelConverter - [convert,79] - converter can not convert rules because source is empty
11:10:30.019 [boundedElastic-15] INFO  c.a.c.s.d.c.SentinelConverter - [convert,79] - converter can not convert rules because source is empty
11:10:50.015 [boundedElastic-16] INFO  c.a.c.s.d.c.SentinelConverter - [convert,79] - converter can not convert rules because source is empty
11:11:10.017 [boundedElastic-15] INFO  c.a.c.s.d.c.SentinelConverter - [convert,79] - converter can not convert rules because source is empty
11:11:30.028 [boundedElastic-4] INFO  c.a.c.s.d.c.SentinelConverter - [convert,79] - converter can not convert rules because source is empty
11:11:50.029 [boundedElastic-15] INFO  c.a.c.s.d.c.SentinelConverter - [convert,79] - converter can not convert rules because source is empty
11:12:10.022 [boundedElastic-4] INFO  c.a.c.s.d.c.SentinelConverter - [convert,79] - converter can not convert rules because source is empty
11:12:30.037 [boundedElastic-13] INFO  c.a.c.s.d.c.SentinelConverter - [convert,79] - converter can not convert rules because source is empty
11:12:50.032 [boundedElastic-4] INFO  c.a.c.s.d.c.SentinelConverter - [convert,79] - converter can not convert rules because source is empty
11:13:10.033 [boundedElastic-17] INFO  c.a.c.s.d.c.SentinelConverter - [convert,79] - converter can not convert rules because source is empty
11:13:30.006 [boundedElastic-4] INFO  c.a.c.s.d.c.SentinelConverter - [convert,79] - converter can not convert rules because source is empty
11:13:50.018 [boundedElastic-10] INFO  c.a.c.s.d.c.SentinelConverter - [convert,79] - converter can not convert rules because source is empty
11:14:10.032 [boundedElastic-4] INFO  c.a.c.s.d.c.SentinelConverter - [convert,79] - converter can not convert rules because source is empty
11:14:30.020 [boundedElastic-10] INFO  c.a.c.s.d.c.SentinelConverter - [convert,79] - converter can not convert rules because source is empty
11:14:50.026 [boundedElastic-4] INFO  c.a.c.s.d.c.SentinelConverter - [convert,79] - converter can not convert rules because source is empty
11:15:10.014 [boundedElastic-13] INFO  c.a.c.s.d.c.SentinelConverter - [convert,79] - converter can not convert rules because source is empty
11:15:30.043 [boundedElastic-4] INFO  c.a.c.s.d.c.SentinelConverter - [convert,79] - converter can not convert rules because source is empty
11:15:50.020 [boundedElastic-13] INFO  c.a.c.s.d.c.SentinelConverter - [convert,79] - converter can not convert rules because source is empty
11:16:10.022 [boundedElastic-4] INFO  c.a.c.s.d.c.SentinelConverter - [convert,79] - converter can not convert rules because source is empty
11:16:30.025 [boundedElastic-13] INFO  c.a.c.s.d.c.SentinelConverter - [convert,79] - converter can not convert rules because source is empty
11:16:50.024 [boundedElastic-4] INFO  c.a.c.s.d.c.SentinelConverter - [convert,79] - converter can not convert rules because source is empty
11:17:10.009 [boundedElastic-13] INFO  c.a.c.s.d.c.SentinelConverter - [convert,79] - converter can not convert rules because source is empty
11:17:30.013 [boundedElastic-4] INFO  c.a.c.s.d.c.SentinelConverter - [convert,79] - converter can not convert rules because source is empty
11:17:50.014 [boundedElastic-13] INFO  c.a.c.s.d.c.SentinelConverter - [convert,79] - converter can not convert rules because source is empty
11:18:10.019 [boundedElastic-4] INFO  c.a.c.s.d.c.SentinelConverter - [convert,79] - converter can not convert rules because source is empty
11:18:30.025 [boundedElastic-13] INFO  c.a.c.s.d.c.SentinelConverter - [convert,79] - converter can not convert rules because source is empty
11:18:50.021 [boundedElastic-4] INFO  c.a.c.s.d.c.SentinelConverter - [convert,79] - converter can not convert rules because source is empty
11:19:10.022 [boundedElastic-13] INFO  c.a.c.s.d.c.SentinelConverter - [convert,79] - converter can not convert rules because source is empty
11:19:30.029 [boundedElastic-3] INFO  c.a.c.s.d.c.SentinelConverter - [convert,79] - converter can not convert rules because source is empty
11:19:50.015 [boundedElastic-13] INFO  c.a.c.s.d.c.SentinelConverter - [convert,79] - converter can not convert rules because source is empty
11:20:10.032 [boundedElastic-3] INFO  c.a.c.s.d.c.SentinelConverter - [convert,79] - converter can not convert rules because source is empty
11:20:30.014 [boundedElastic-13] INFO  c.a.c.s.d.c.SentinelConverter - [convert,79] - converter can not convert rules because source is empty
11:20:50.018 [boundedElastic-3] INFO  c.a.c.s.d.c.SentinelConverter - [convert,79] - converter can not convert rules because source is empty
11:21:10.012 [boundedElastic-13] INFO  c.a.c.s.d.c.SentinelConverter - [convert,79] - converter can not convert rules because source is empty
11:21:30.033 [boundedElastic-3] INFO  c.a.c.s.d.c.SentinelConverter - [convert,79] - converter can not convert rules because source is empty
11:21:50.029 [boundedElastic-13] INFO  c.a.c.s.d.c.SentinelConverter - [convert,79] - converter can not convert rules because source is empty
11:22:10.023 [boundedElastic-3] INFO  c.a.c.s.d.c.SentinelConverter - [convert,79] - converter can not convert rules because source is empty
11:22:30.027 [boundedElastic-13] INFO  c.a.c.s.d.c.SentinelConverter - [convert,79] - converter can not convert rules because source is empty
11:22:50.040 [boundedElastic-3] INFO  c.a.c.s.d.c.SentinelConverter - [convert,79] - converter can not convert rules because source is empty
11:23:10.030 [boundedElastic-13] INFO  c.a.c.s.d.c.SentinelConverter - [convert,79] - converter can not convert rules because source is empty
11:23:30.009 [boundedElastic-10] INFO  c.a.c.s.d.c.SentinelConverter - [convert,79] - converter can not convert rules because source is empty
11:23:50.017 [boundedElastic-13] INFO  c.a.c.s.d.c.SentinelConverter - [convert,79] - converter can not convert rules because source is empty
11:24:10.027 [boundedElastic-10] INFO  c.a.c.s.d.c.SentinelConverter - [convert,79] - converter can not convert rules because source is empty
11:24:29.988 [boundedElastic-4] INFO  c.a.c.s.d.c.SentinelConverter - [convert,79] - converter can not convert rules because source is empty
11:24:50.029 [boundedElastic-13] INFO  c.a.c.s.d.c.SentinelConverter - [convert,79] - converter can not convert rules because source is empty
11:25:10.018 [boundedElastic-4] INFO  c.a.c.s.d.c.SentinelConverter - [convert,79] - converter can not convert rules because source is empty
11:25:30.013 [boundedElastic-13] INFO  c.a.c.s.d.c.SentinelConverter - [convert,79] - converter can not convert rules because source is empty
11:25:50.010 [boundedElastic-4] INFO  c.a.c.s.d.c.SentinelConverter - [convert,79] - converter can not convert rules because source is empty
11:26:10.050 [boundedElastic-13] INFO  c.a.c.s.d.c.SentinelConverter - [convert,79] - converter can not convert rules because source is empty
11:26:30.029 [boundedElastic-16] INFO  c.a.c.s.d.c.SentinelConverter - [convert,79] - converter can not convert rules because source is empty
11:26:50.023 [boundedElastic-13] INFO  c.a.c.s.d.c.SentinelConverter - [convert,79] - converter can not convert rules because source is empty
11:27:10.025 [boundedElastic-16] INFO  c.a.c.s.d.c.SentinelConverter - [convert,79] - converter can not convert rules because source is empty
11:27:30.031 [boundedElastic-13] INFO  c.a.c.s.d.c.SentinelConverter - [convert,79] - converter can not convert rules because source is empty
11:27:50.008 [boundedElastic-15] INFO  c.a.c.s.d.c.SentinelConverter - [convert,79] - converter can not convert rules because source is empty
11:28:10.039 [boundedElastic-13] INFO  c.a.c.s.d.c.SentinelConverter - [convert,79] - converter can not convert rules because source is empty
11:28:30.016 [boundedElastic-16] INFO  c.a.c.s.d.c.SentinelConverter - [convert,79] - converter can not convert rules because source is empty
11:28:50.023 [boundedElastic-13] INFO  c.a.c.s.d.c.SentinelConverter - [convert,79] - converter can not convert rules because source is empty
11:29:10.012 [boundedElastic-17] INFO  c.a.c.s.d.c.SentinelConverter - [convert,79] - converter can not convert rules because source is empty
11:29:30.013 [boundedElastic-13] INFO  c.a.c.s.d.c.SentinelConverter - [convert,79] - converter can not convert rules because source is empty
11:29:50.013 [boundedElastic-17] INFO  c.a.c.s.d.c.SentinelConverter - [convert,79] - converter can not convert rules because source is empty
11:30:10.042 [boundedElastic-13] INFO  c.a.c.s.d.c.SentinelConverter - [convert,79] - converter can not convert rules because source is empty
11:30:30.014 [boundedElastic-17] INFO  c.a.c.s.d.c.SentinelConverter - [convert,79] - converter can not convert rules because source is empty
11:30:50.019 [boundedElastic-12] INFO  c.a.c.s.d.c.SentinelConverter - [convert,79] - converter can not convert rules because source is empty
11:31:10.009 [boundedElastic-17] INFO  c.a.c.s.d.c.SentinelConverter - [convert,79] - converter can not convert rules because source is empty
11:31:30.027 [boundedElastic-12] INFO  c.a.c.s.d.c.SentinelConverter - [convert,79] - converter can not convert rules because source is empty
11:31:50.005 [boundedElastic-17] INFO  c.a.c.s.d.c.SentinelConverter - [convert,79] - converter can not convert rules because source is empty
11:32:10.011 [boundedElastic-12] INFO  c.a.c.s.d.c.SentinelConverter - [convert,79] - converter can not convert rules because source is empty
11:32:30.007 [boundedElastic-13] INFO  c.a.c.s.d.c.SentinelConverter - [convert,79] - converter can not convert rules because source is empty
11:32:50.022 [boundedElastic-12] INFO  c.a.c.s.d.c.SentinelConverter - [convert,79] - converter can not convert rules because source is empty
11:33:10.025 [boundedElastic-13] INFO  c.a.c.s.d.c.SentinelConverter - [convert,79] - converter can not convert rules because source is empty
11:33:30.020 [boundedElastic-16] INFO  c.a.c.s.d.c.SentinelConverter - [convert,79] - converter can not convert rules because source is empty
11:33:50.027 [boundedElastic-13] INFO  c.a.c.s.d.c.SentinelConverter - [convert,79] - converter can not convert rules because source is empty
11:34:10.017 [boundedElastic-16] INFO  c.a.c.s.d.c.SentinelConverter - [convert,79] - converter can not convert rules because source is empty
11:34:30.011 [boundedElastic-4] INFO  c.a.c.s.d.c.SentinelConverter - [convert,79] - converter can not convert rules because source is empty
11:34:50.017 [boundedElastic-10] INFO  c.a.c.s.d.c.SentinelConverter - [convert,79] - converter can not convert rules because source is empty
11:35:10.012 [boundedElastic-17] INFO  c.a.c.s.d.c.SentinelConverter - [convert,79] - converter can not convert rules because source is empty
11:35:30.016 [boundedElastic-3] INFO  c.a.c.s.d.c.SentinelConverter - [convert,79] - converter can not convert rules because source is empty
11:35:50.001 [boundedElastic-18] INFO  c.a.c.s.d.c.SentinelConverter - [convert,79] - converter can not convert rules because source is empty
11:36:10.018 [boundedElastic-3] INFO  c.a.c.s.d.c.SentinelConverter - [convert,79] - converter can not convert rules because source is empty
11:36:30.013 [boundedElastic-18] INFO  c.a.c.s.d.c.SentinelConverter - [convert,79] - converter can not convert rules because source is empty
11:36:50.008 [boundedElastic-16] INFO  c.a.c.s.d.c.SentinelConverter - [convert,79] - converter can not convert rules because source is empty
11:37:10.012 [boundedElastic-18] INFO  c.a.c.s.d.c.SentinelConverter - [convert,79] - converter can not convert rules because source is empty
11:37:30.016 [boundedElastic-16] INFO  c.a.c.s.d.c.SentinelConverter - [convert,79] - converter can not convert rules because source is empty
11:37:50.016 [boundedElastic-17] INFO  c.a.c.s.d.c.SentinelConverter - [convert,79] - converter can not convert rules because source is empty
11:38:10.027 [boundedElastic-13] INFO  c.a.c.s.d.c.SentinelConverter - [convert,79] - converter can not convert rules because source is empty
11:38:30.027 [boundedElastic-17] INFO  c.a.c.s.d.c.SentinelConverter - [convert,79] - converter can not convert rules because source is empty
11:38:50.010 [boundedElastic-13] INFO  c.a.c.s.d.c.SentinelConverter - [convert,79] - converter can not convert rules because source is empty
11:39:10.037 [boundedElastic-17] INFO  c.a.c.s.d.c.SentinelConverter - [convert,79] - converter can not convert rules because source is empty
11:39:30.019 [boundedElastic-3] INFO  c.a.c.s.d.c.SentinelConverter - [convert,79] - converter can not convert rules because source is empty
11:39:50.034 [boundedElastic-13] INFO  c.a.c.s.d.c.SentinelConverter - [convert,79] - converter can not convert rules because source is empty
11:40:10.012 [boundedElastic-3] INFO  c.a.c.s.d.c.SentinelConverter - [convert,79] - converter can not convert rules because source is empty
11:40:30.015 [boundedElastic-13] INFO  c.a.c.s.d.c.SentinelConverter - [convert,79] - converter can not convert rules because source is empty
11:40:50.007 [boundedElastic-3] INFO  c.a.c.s.d.c.SentinelConverter - [convert,79] - converter can not convert rules because source is empty
11:41:10.007 [boundedElastic-13] INFO  c.a.c.s.d.c.SentinelConverter - [convert,79] - converter can not convert rules because source is empty
11:41:30.028 [boundedElastic-3] INFO  c.a.c.s.d.c.SentinelConverter - [convert,79] - converter can not convert rules because source is empty
11:41:50.016 [boundedElastic-16] INFO  c.a.c.s.d.c.SentinelConverter - [convert,79] - converter can not convert rules because source is empty
11:42:10.019 [boundedElastic-3] INFO  c.a.c.s.d.c.SentinelConverter - [convert,79] - converter can not convert rules because source is empty
11:42:30.025 [boundedElastic-16] INFO  c.a.c.s.d.c.SentinelConverter - [convert,79] - converter can not convert rules because source is empty
11:42:50.028 [boundedElastic-10] INFO  c.a.c.s.d.c.SentinelConverter - [convert,79] - converter can not convert rules because source is empty
11:43:10.017 [boundedElastic-16] INFO  c.a.c.s.d.c.SentinelConverter - [convert,79] - converter can not convert rules because source is empty
11:43:30.026 [boundedElastic-12] INFO  c.a.c.s.d.c.SentinelConverter - [convert,79] - converter can not convert rules because source is empty
11:43:50.015 [boundedElastic-18] INFO  c.a.c.s.d.c.SentinelConverter - [convert,79] - converter can not convert rules because source is empty
11:44:10.012 [boundedElastic-15] INFO  c.a.c.s.d.c.SentinelConverter - [convert,79] - converter can not convert rules because source is empty
11:44:30.025 [boundedElastic-19] INFO  c.a.c.s.d.c.SentinelConverter - [convert,79] - converter can not convert rules because source is empty
11:44:50.006 [boundedElastic-15] INFO  c.a.c.s.d.c.SentinelConverter - [convert,79] - converter can not convert rules because source is empty
11:45:10.014 [boundedElastic-19] INFO  c.a.c.s.d.c.SentinelConverter - [convert,79] - converter can not convert rules because source is empty
11:45:30.002 [boundedElastic-15] INFO  c.a.c.s.d.c.SentinelConverter - [convert,79] - converter can not convert rules because source is empty
11:45:50.022 [boundedElastic-19] INFO  c.a.c.s.d.c.SentinelConverter - [convert,79] - converter can not convert rules because source is empty
11:46:10.020 [boundedElastic-15] INFO  c.a.c.s.d.c.SentinelConverter - [convert,79] - converter can not convert rules because source is empty
11:46:30.012 [boundedElastic-17] INFO  c.a.c.s.d.c.SentinelConverter - [convert,79] - converter can not convert rules because source is empty
11:46:50.005 [boundedElastic-15] INFO  c.a.c.s.d.c.SentinelConverter - [convert,79] - converter can not convert rules because source is empty
11:47:09.999 [boundedElastic-17] INFO  c.a.c.s.d.c.SentinelConverter - [convert,79] - converter can not convert rules because source is empty
11:47:30.033 [boundedElastic-15] INFO  c.a.c.s.d.c.SentinelConverter - [convert,79] - converter can not convert rules because source is empty
11:47:50.028 [boundedElastic-17] INFO  c.a.c.s.d.c.SentinelConverter - [convert,79] - converter can not convert rules because source is empty
11:48:10.015 [boundedElastic-3] INFO  c.a.c.s.d.c.SentinelConverter - [convert,79] - converter can not convert rules because source is empty
11:48:30.001 [boundedElastic-12] INFO  c.a.c.s.d.c.SentinelConverter - [convert,79] - converter can not convert rules because source is empty
11:48:50.036 [boundedElastic-16] INFO  c.a.c.s.d.c.SentinelConverter - [convert,79] - converter can not convert rules because source is empty
11:49:09.999 [boundedElastic-3] INFO  c.a.c.s.d.c.SentinelConverter - [convert,79] - converter can not convert rules because source is empty
11:49:30.020 [boundedElastic-16] INFO  c.a.c.s.d.c.SentinelConverter - [convert,79] - converter can not convert rules because source is empty
11:49:50.029 [boundedElastic-3] INFO  c.a.c.s.d.c.SentinelConverter - [convert,79] - converter can not convert rules because source is empty
11:50:10.006 [boundedElastic-18] INFO  c.a.c.s.d.c.SentinelConverter - [convert,79] - converter can not convert rules because source is empty
11:50:30.018 [boundedElastic-3] INFO  c.a.c.s.d.c.SentinelConverter - [convert,79] - converter can not convert rules because source is empty
11:50:50.027 [boundedElastic-18] INFO  c.a.c.s.d.c.SentinelConverter - [convert,79] - converter can not convert rules because source is empty
11:51:10.023 [boundedElastic-3] INFO  c.a.c.s.d.c.SentinelConverter - [convert,79] - converter can not convert rules because source is empty
11:51:30.022 [boundedElastic-18] INFO  c.a.c.s.d.c.SentinelConverter - [convert,79] - converter can not convert rules because source is empty
11:51:50.031 [boundedElastic-3] INFO  c.a.c.s.d.c.SentinelConverter - [convert,79] - converter can not convert rules because source is empty
11:52:10.016 [boundedElastic-18] INFO  c.a.c.s.d.c.SentinelConverter - [convert,79] - converter can not convert rules because source is empty
11:52:30.025 [boundedElastic-3] INFO  c.a.c.s.d.c.SentinelConverter - [convert,79] - converter can not convert rules because source is empty
11:52:50.023 [boundedElastic-18] INFO  c.a.c.s.d.c.SentinelConverter - [convert,79] - converter can not convert rules because source is empty
11:53:10.013 [boundedElastic-3] INFO  c.a.c.s.d.c.SentinelConverter - [convert,79] - converter can not convert rules because source is empty
11:53:30.007 [boundedElastic-16] INFO  c.a.c.s.d.c.SentinelConverter - [convert,79] - converter can not convert rules because source is empty
11:53:50.025 [boundedElastic-19] INFO  c.a.c.s.d.c.SentinelConverter - [convert,79] - converter can not convert rules because source is empty
11:54:10.011 [boundedElastic-16] INFO  c.a.c.s.d.c.SentinelConverter - [convert,79] - converter can not convert rules because source is empty
