10:23:14.198 [main] INFO  c.a.n.c.e.SearchableProperties - [sortPropertySourceDefaultOrder,197] - properties search order:PROPERTIES->JVM->ENV->DEFAULT_SETTING
10:23:14.240 [background-preinit] INFO  o.h.v.i.util.Version - [<clinit>,21] - HV000001: Hibernate Validator 6.2.5.Final
10:23:14.504 [main] INFO  c.a.n.p.a.s.c.ClientAuthPluginManager - [init,56] - [ClientAuthPluginManager] Load ClientAuthService com.alibaba.nacos.client.auth.impl.NacosClientAuthServiceImpl success.
10:23:14.505 [main] INFO  c.a.n.p.a.s.c.ClientAuthPluginManager - [init,56] - [ClientAuthPluginManager] Load ClientAuthService com.alibaba.nacos.client.auth.ram.RamClientAuthServiceImpl success.
10:23:16.512 [main] INFO  c.h.f.HzjFileApplication - [logStartupProfileInfo,638] - The following 1 profile is active: "dev"
10:23:17.620 [main] INFO  o.a.c.h.Http11NioProtocol - [log,173] - Initializing ProtocolHandler ["http-nio-9300"]
10:23:17.621 [main] INFO  o.a.c.c.StandardService - [log,173] - Starting service [Tomcat]
10:23:17.621 [main] INFO  o.a.c.c.StandardEngine - [log,173] - Starting Servlet engine: [Apache Tomcat/9.0.83]
10:23:17.735 [main] INFO  o.a.c.c.C.[.[.[/] - [log,173] - Initializing Spring embedded WebApplicationContext
10:23:17.857 [main] INFO  o.a.c.c.StandardService - [log,173] - Stopping service [Tomcat]
10:29:26.758 [main] INFO  c.a.n.c.e.SearchableProperties - [sortPropertySourceDefaultOrder,197] - properties search order:PROPERTIES->JVM->ENV->DEFAULT_SETTING
10:29:26.791 [background-preinit] INFO  o.h.v.i.util.Version - [<clinit>,21] - HV000001: Hibernate Validator 6.2.5.Final
10:29:27.064 [main] INFO  c.a.n.p.a.s.c.ClientAuthPluginManager - [init,56] - [ClientAuthPluginManager] Load ClientAuthService com.alibaba.nacos.client.auth.impl.NacosClientAuthServiceImpl success.
10:29:27.064 [main] INFO  c.a.n.p.a.s.c.ClientAuthPluginManager - [init,56] - [ClientAuthPluginManager] Load ClientAuthService com.alibaba.nacos.client.auth.ram.RamClientAuthServiceImpl success.
10:29:29.131 [main] INFO  c.h.f.HzjFileApplication - [logStartupProfileInfo,638] - The following 1 profile is active: "dev"
10:29:30.500 [main] INFO  o.a.c.h.Http11NioProtocol - [log,173] - Initializing ProtocolHandler ["http-nio-9300"]
10:29:30.501 [main] INFO  o.a.c.c.StandardService - [log,173] - Starting service [Tomcat]
10:29:30.502 [main] INFO  o.a.c.c.StandardEngine - [log,173] - Starting Servlet engine: [Apache Tomcat/9.0.83]
10:29:30.629 [main] INFO  o.a.c.c.C.[.[.[/] - [log,173] - Initializing Spring embedded WebApplicationContext
10:29:30.765 [main] INFO  o.a.c.c.StandardService - [log,173] - Stopping service [Tomcat]
10:57:01.416 [main] INFO  c.a.n.c.e.SearchableProperties - [sortPropertySourceDefaultOrder,197] - properties search order:PROPERTIES->JVM->ENV->DEFAULT_SETTING
10:57:01.452 [background-preinit] INFO  o.h.v.i.util.Version - [<clinit>,21] - HV000001: Hibernate Validator 6.2.5.Final
10:57:01.693 [main] INFO  c.a.n.p.a.s.c.ClientAuthPluginManager - [init,56] - [ClientAuthPluginManager] Load ClientAuthService com.alibaba.nacos.client.auth.impl.NacosClientAuthServiceImpl success.
10:57:01.693 [main] INFO  c.a.n.p.a.s.c.ClientAuthPluginManager - [init,56] - [ClientAuthPluginManager] Load ClientAuthService com.alibaba.nacos.client.auth.ram.RamClientAuthServiceImpl success.
10:57:03.674 [main] INFO  c.h.f.HzjFileApplication - [logStartupProfileInfo,638] - The following 1 profile is active: "dev"
10:57:04.802 [main] INFO  o.a.c.h.Http11NioProtocol - [log,173] - Initializing ProtocolHandler ["http-nio-9300"]
10:57:04.804 [main] INFO  o.a.c.c.StandardService - [log,173] - Starting service [Tomcat]
10:57:04.804 [main] INFO  o.a.c.c.StandardEngine - [log,173] - Starting Servlet engine: [Apache Tomcat/9.0.83]
10:57:04.930 [main] INFO  o.a.c.c.C.[.[.[/] - [log,173] - Initializing Spring embedded WebApplicationContext
10:57:05.052 [main] INFO  o.a.c.c.StandardService - [log,173] - Stopping service [Tomcat]
