10:33:50.226 [main] INFO  c.a.n.c.e.SearchableProperties - [sortPropertySourceDefaultOrder,197] - properties search order:PROPERTIES->JVM->ENV->DEFAULT_SETTING
10:33:50.273 [background-preinit] INFO  o.h.v.i.util.Version - [<clinit>,21] - HV000001: Hibernate Validator 6.2.5.Final
10:33:50.505 [main] INFO  c.a.n.p.a.s.c.ClientAuthPluginManager - [init,56] - [ClientAuthPluginManager] Load ClientAuthService com.alibaba.nacos.client.auth.impl.NacosClientAuthServiceImpl success.
10:33:50.505 [main] INFO  c.a.n.p.a.s.c.ClientAuthPluginManager - [init,56] - [ClientAuthPluginManager] Load ClientAuthService com.alibaba.nacos.client.auth.ram.RamClientAuthServiceImpl success.
10:33:52.416 [main] INFO  c.h.g.HzjGenApplication - [logStartupProfileInfo,638] - The following 1 profile is active: "dev"
10:33:53.999 [main] INFO  o.a.c.h.Http11NioProtocol - [log,173] - Initializing ProtocolHandler ["http-nio-9202"]
10:33:54.014 [main] INFO  o.a.c.c.StandardService - [log,173] - Starting service [Tomcat]
10:33:54.014 [main] INFO  o.a.c.c.StandardEngine - [log,173] - Starting Servlet engine: [Apache Tomcat/9.0.83]
10:33:54.130 [main] INFO  o.a.c.c.C.[.[.[/] - [log,173] - Initializing Spring embedded WebApplicationContext
10:33:54.780 [main] INFO  c.a.c.s.SentinelWebMvcConfigurer - [addInterceptors,52] - [Sentinel Starter] register SentinelWebInterceptor with urlPatterns: [/**].
10:33:58.336 [main] INFO  o.a.c.h.Http11NioProtocol - [log,173] - Starting ProtocolHandler ["http-nio-9202"]
10:33:58.340 [main] INFO  c.a.n.p.a.s.c.ClientAuthPluginManager - [init,56] - [ClientAuthPluginManager] Load ClientAuthService com.alibaba.nacos.client.auth.impl.NacosClientAuthServiceImpl success.
10:33:58.340 [main] INFO  c.a.n.p.a.s.c.ClientAuthPluginManager - [init,56] - [ClientAuthPluginManager] Load ClientAuthService com.alibaba.nacos.client.auth.ram.RamClientAuthServiceImpl success.
10:33:58.456 [main] INFO  c.a.c.n.r.NacosServiceRegistry - [register,76] - nacos registry, DEFAULT_GROUP hzj-gen 192.168.116.1:9202 register finished
10:33:59.746 [main] INFO  c.h.g.HzjGenApplication - [logStarted,61] - Started HzjGenApplication in 10.927 seconds (JVM running for 11.599)
10:33:59.763 [main] INFO  c.a.c.n.r.NacosContextRefresher - [registerNacosListener,129] - [Nacos Config] Listening config: dataId=hzj-gen, group=DEFAULT_GROUP
10:33:59.763 [main] INFO  c.a.c.n.r.NacosContextRefresher - [registerNacosListener,129] - [Nacos Config] Listening config: dataId=hzj-gen-dev.yml, group=DEFAULT_GROUP
10:33:59.763 [main] INFO  c.a.c.n.r.NacosContextRefresher - [registerNacosListener,129] - [Nacos Config] Listening config: dataId=hzj-gen.yml, group=DEFAULT_GROUP
10:34:00.315 [RMI TCP Connection(1)-192.168.120.109] INFO  o.a.c.c.C.[.[.[/] - [log,173] - Initializing Spring DispatcherServlet 'dispatcherServlet'
10:34:00.347 [RMI TCP Connection(2)-192.168.120.109] INFO  c.z.h.HikariDataSource - [getConnection,110] - HikariPool-1 - Starting...
10:34:00.611 [RMI TCP Connection(2)-192.168.120.109] INFO  c.z.h.HikariDataSource - [getConnection,123] - HikariPool-1 - Start completed.
