10:28:25.499 [main] INFO  c.a.n.c.e.SearchableProperties - [sortPropertySourceDefaultOrder,197] - properties search order:PROPERTIES->JVM->ENV->DEFAULT_SETTING
10:28:25.552 [background-preinit] INFO  o.h.v.i.util.Version - [<clinit>,21] - HV000001: Hibernate Validator 6.2.5.Final
10:28:25.803 [main] INFO  c.a.n.p.a.s.c.ClientAuthPluginManager - [init,56] - [ClientAuthPluginManager] Load ClientAuthService com.alibaba.nacos.client.auth.impl.NacosClientAuthServiceImpl success.
10:28:25.803 [main] INFO  c.a.n.p.a.s.c.ClientAuthPluginManager - [init,56] - [ClientAuthPluginManager] Load ClientAuthService com.alibaba.nacos.client.auth.ram.RamClientAuthServiceImpl success.
10:28:27.766 [main] INFO  c.h.g.HzjGenApplication - [logStartupProfileInfo,638] - The following 1 profile is active: "dev"
10:28:29.226 [main] INFO  o.a.c.h.Http11NioProtocol - [log,173] - Initializing ProtocolHandler ["http-nio-9202"]
10:28:29.242 [main] INFO  o.a.c.c.StandardService - [log,173] - Starting service [Tomcat]
10:28:29.242 [main] INFO  o.a.c.c.StandardEngine - [log,173] - Starting Servlet engine: [Apache Tomcat/9.0.83]
10:28:29.345 [main] INFO  o.a.c.c.C.[.[.[/] - [log,173] - Initializing Spring embedded WebApplicationContext
10:28:30.024 [main] INFO  c.a.c.s.SentinelWebMvcConfigurer - [addInterceptors,52] - [Sentinel Starter] register SentinelWebInterceptor with urlPatterns: [/**].
10:28:33.588 [main] INFO  o.a.c.h.Http11NioProtocol - [log,173] - Starting ProtocolHandler ["http-nio-9202"]
10:28:33.603 [main] INFO  c.a.n.p.a.s.c.ClientAuthPluginManager - [init,56] - [ClientAuthPluginManager] Load ClientAuthService com.alibaba.nacos.client.auth.impl.NacosClientAuthServiceImpl success.
10:28:33.603 [main] INFO  c.a.n.p.a.s.c.ClientAuthPluginManager - [init,56] - [ClientAuthPluginManager] Load ClientAuthService com.alibaba.nacos.client.auth.ram.RamClientAuthServiceImpl success.
10:28:33.721 [main] INFO  c.a.c.n.r.NacosServiceRegistry - [register,76] - nacos registry, DEFAULT_GROUP hzj-gen 192.168.116.1:9202 register finished
10:28:35.048 [main] INFO  c.h.g.HzjGenApplication - [logStarted,61] - Started HzjGenApplication in 11.043 seconds (JVM running for 11.862)
10:28:35.064 [main] INFO  c.a.c.n.r.NacosContextRefresher - [registerNacosListener,129] - [Nacos Config] Listening config: dataId=hzj-gen, group=DEFAULT_GROUP
10:28:35.064 [main] INFO  c.a.c.n.r.NacosContextRefresher - [registerNacosListener,129] - [Nacos Config] Listening config: dataId=hzj-gen-dev.yml, group=DEFAULT_GROUP
10:28:35.064 [main] INFO  c.a.c.n.r.NacosContextRefresher - [registerNacosListener,129] - [Nacos Config] Listening config: dataId=hzj-gen.yml, group=DEFAULT_GROUP
10:28:35.132 [RMI TCP Connection(1)-192.168.120.109] INFO  c.z.h.HikariDataSource - [getConnection,110] - HikariPool-1 - Starting...
10:28:35.265 [RMI TCP Connection(3)-192.168.120.109] INFO  o.a.c.c.C.[.[.[/] - [log,173] - Initializing Spring DispatcherServlet 'dispatcherServlet'
10:28:35.448 [RMI TCP Connection(1)-192.168.120.109] INFO  c.z.h.HikariDataSource - [getConnection,123] - HikariPool-1 - Start completed.
