08:35:44.054 [main] INFO  c.a.n.c.e.SearchableProperties - [sortPropertySourceDefaultOrder,197] - properties search order:PROPERTIES->JVM->ENV->DEFAULT_SETTING
08:35:44.105 [background-preinit] INFO  o.h.v.i.util.Version - [<clinit>,21] - HV000001: Hibernate Validator 6.2.5.Final
08:35:44.603 [main] INFO  c.a.n.p.a.s.c.ClientAuthPluginManager - [init,56] - [ClientAuthPluginManager] Load ClientAuthService com.alibaba.nacos.client.auth.impl.NacosClientAuthServiceImpl success.
08:35:44.603 [main] INFO  c.a.n.p.a.s.c.ClientAuthPluginManager - [init,56] - [ClientAuthPluginManager] Load ClientAuthService com.alibaba.nacos.client.auth.ram.RamClientAuthServiceImpl success.
08:35:47.994 [main] INFO  c.h.g.HzjGenApplication - [logStartupProfileInfo,638] - The following 1 profile is active: "dev"
08:35:51.492 [main] INFO  o.a.c.h.Http11NioProtocol - [log,173] - Initializing ProtocolHandler ["http-nio-9205"]
08:35:51.508 [main] INFO  o.a.c.c.StandardService - [log,173] - Starting service [Tomcat]
08:35:51.508 [main] INFO  o.a.c.c.StandardEngine - [log,173] - Starting Servlet engine: [Apache Tomcat/9.0.83]
08:35:51.755 [main] INFO  o.a.c.c.C.[.[.[/] - [log,173] - Initializing Spring embedded WebApplicationContext
08:35:53.026 [main] INFO  c.a.c.s.SentinelWebMvcConfigurer - [addInterceptors,52] - [Sentinel Starter] register SentinelWebInterceptor with urlPatterns: [/**].
08:35:59.083 [main] INFO  o.a.c.h.Http11NioProtocol - [log,173] - Starting ProtocolHandler ["http-nio-9205"]
08:35:59.115 [main] INFO  c.a.n.p.a.s.c.ClientAuthPluginManager - [init,56] - [ClientAuthPluginManager] Load ClientAuthService com.alibaba.nacos.client.auth.impl.NacosClientAuthServiceImpl success.
08:35:59.115 [main] INFO  c.a.n.p.a.s.c.ClientAuthPluginManager - [init,56] - [ClientAuthPluginManager] Load ClientAuthService com.alibaba.nacos.client.auth.ram.RamClientAuthServiceImpl success.
08:35:59.237 [main] INFO  c.a.c.n.r.NacosServiceRegistry - [register,76] - nacos registry, DEFAULT_GROUP hzj-gen 192.168.116.1:9205 register finished
08:36:00.852 [main] INFO  c.h.g.HzjGenApplication - [logStarted,61] - Started HzjGenApplication in 18.389 seconds (JVM running for 19.773)
08:36:00.873 [main] INFO  c.a.c.n.r.NacosContextRefresher - [registerNacosListener,129] - [Nacos Config] Listening config: dataId=hzj-gen, group=DEFAULT_GROUP
08:36:00.875 [main] INFO  c.a.c.n.r.NacosContextRefresher - [registerNacosListener,129] - [Nacos Config] Listening config: dataId=hzj-gen-dev.yml, group=DEFAULT_GROUP
08:36:00.875 [main] INFO  c.a.c.n.r.NacosContextRefresher - [registerNacosListener,129] - [Nacos Config] Listening config: dataId=hzj-gen.yml, group=DEFAULT_GROUP
08:36:01.692 [RMI TCP Connection(4)-192.168.91.109] INFO  o.a.c.c.C.[.[.[/] - [log,173] - Initializing Spring DispatcherServlet 'dispatcherServlet'
08:36:01.730 [RMI TCP Connection(3)-192.168.91.109] INFO  c.z.h.HikariDataSource - [getConnection,110] - HikariPool-1 - Starting...
08:36:02.425 [RMI TCP Connection(3)-192.168.91.109] INFO  c.z.h.HikariDataSource - [getConnection,123] - HikariPool-1 - Start completed.
